This is dvips 5.72 Copyright 1997 Radical Eye Software (www.radicaleye.com)
' TeX output 2007.04.06:2034' -> C:\DOCUME~1\lucp0904\LOCALS~1\Temp\TVP704816001.TMP
File: <tex.pro>
File: <texps.pro>
File: <special.pro>
. 
Font: <cmmi9.pfb>
Font: <cmbx9.pfb>
Font: <cmtt12.pfb>
Font: <cmsy6.pfb>
Font: <msam8.ttf>
Font: <cmmib8.ttf>
Font: <msam10.pfb>
Font: <cmr6.pfb>
Font: <cmex10.pfb>
Font: <cmti12.pfb>
Font: <cmmi6.pfb>
Font: <cmr8.pfb>
Font: <cmsy10.pfb>
Font: <cmsy8.pfb>
Font: <cmmib10.pfb>
Font: <cmmi8.pfb>
Font: <cmmi12.pfb>
Font: <cmsy9.pfb>
Font: <cmcsc10.pfb>
Font: <cmti10.pfb>
Font: <cmbx10.pfb>
Font: <cmbx12.pfb>
Font: <cmr10.pfb>
Font: <cmr12.pfb>
Font: <cmr9.pfb>
Font: <cmti9.pfb>
Page # [1]
Page # [2]
Page # [1]
Page # [2]
Page # [3]
Page # [4]
Page # [5]
Page # [6]
Page # [7]
Page # [8]
Page # [9]
Page # [10]
Page # [11]
Page # [12]
Page # [13]
Page # [14]
Page # [15]
Page # [16]
Page # [17]
Page # [18]
Page # [19]
Page # [20]
Page # [21]
Page # [22]
Page # [23]
Page # [24]
Page # [25]

File: <tteken185.eps>
Page # [26]

File: <tteken21.eps>
Page # [27]

