This is pdfTeX, Version 3.141592653-2.6-1.40.25 (MiKTeX 23.4) (preloaded format=pdflatex 2023.8.30)  6 SEP 2023 16:46
entering extended mode
 restricted \write18 enabled.
 %&-line parsing enabled.
**./aoas-template.tex
(aoas-template.tex
LaTeX2e <2022-11-01> patch level 1
L3 programming layer <2023-03-30> (imsart.cls
Document Class: imsart 2021/11/07 driver class for package imsart.sty
(C:\Users\cbaker1\AppData\Local\Programs\MiKTeX\tex/latex/base\article.cls
Document Class: article 2022/07/02 v1.4n Standard LaTeX document class
(C:\Users\cbaker1\AppData\Local\Programs\MiKTeX\tex/latex/base\leqno.clo
File: leqno.clo 2016/12/29 v1.2b Standard LaTeX option (left equation numbers)
)
(C:\Users\cbaker1\AppData\Local\Programs\MiKTeX\tex/latex/base\size11.clo
File: size11.clo 2022/07/02 v1.4n Standard LaTeX file (size option)
)
\c@part=\count185
\c@section=\count186
\c@subsection=\count187
\c@subsubsection=\count188
\c@paragraph=\count189
\c@subparagraph=\count190
\c@figure=\count191
\c@table=\count192
\abovecaptionskip=\skip48
\belowcaptionskip=\skip49
\bibindent=\dimen140
)
(imsart.sty
File: imsart.sty 2022/04/06 IMS article style

(C:\Users\cbaker1\AppData\Local\Programs\MiKTeX\tex/latex/etoolbox\etoolbox.sty
Package: etoolbox 2020/10/05 v2.5k e-TeX tools for LaTeX (JAW)
\etb@tempcnta=\count193
)
No file imsart.cnf.
(C:\Users\cbaker1\AppData\Local\Programs\MiKTeX\tex/latex/base\leqno.clo
File: leqno.clo 2016/12/29 v1.2b Standard LaTeX option (left equation numbers)
)
\c@firstpage=\count194
\c@lastpage=\count195
\c@thanks=\count196
\c@addressref=\count197

(C:\Users\cbaker1\AppData\Local\Programs\MiKTeX\tex/latex/graphics\keyval.sty
Package: keyval 2022/05/29 v1.15 key=value parser (DPC)
\KV@toks@=\toks16
)
\c@emailref=\count198

(C:\Users\cbaker1\AppData\Local\Programs\MiKTeX\tex/generic/iftex\ifpdf.sty
Package: ifpdf 2019/10/25 v3.4 ifpdf legacy package. Use iftex instead.

(C:\Users\cbaker1\AppData\Local\Programs\MiKTeX\tex/generic/iftex\iftex.sty
Package: iftex 2022/02/03 v1.0f TeX engine tests
))
\tablewidth=\dimen141
\c@tabnote=\count199
\tabnotestoks=\toks17
\c@author=\count266
\c@address=\count267
\sv@mathsurround=\dimen142
\sv@parindent=\dimen143
\fm@box=\box51
\fm@size=\dimen144
\t@xtheight=\dimen145
\abstract@box=\box52
\keyword@box=\box53
\pre@kwd@depth=\dimen146
\keyword@toks=\toks18

(C:\Users\cbaker1\AppData\Local\Programs\MiKTeX\tex/latex/base\fontenc.sty
Package: fontenc 2021/04/29 v2.0v Standard LaTeX package
)
(C:\Users\cbaker1\AppData\Local\Programs\MiKTeX\tex/latex/psnfss\times.sty
Package: times 2020/03/25 PSNFSS-v9.3 (SPQR) 
)
(C:\Users\cbaker1\AppData\Local\Programs\MiKTeX\tex/latex/psnfss\helvet.sty
Package: helvet 2020/03/25 PSNFSS-v9.3 (WaS) 
)
(C:\Users\cbaker1\AppData\Local\Programs\MiKTeX\tex/latex/base\textcomp.sty
Package: textcomp 2020/02/02 v2.0n Standard LaTeX package
)
(C:\Users\cbaker1\AppData\Local\Programs\MiKTeX\tex/latex/textcase\textcase.sty
Package: textcase 2023/07/27 v1.04 Text only upper/lower case changing (DPC)
Package textcase Info: Defining Legacy names on input line 20.
)
LaTeX Font Info:    Trying to load font information for T1+ptm on input line 28
29.
 (C:\Users\cbaker1\AppData\Local\Programs\MiKTeX\tex/latex/psnfss\t1ptm.fd
File: t1ptm.fd 2001/06/04 font definitions for T1/ptm.
)
\c@longlist=\count268
\mathindent=\skip50
\authors@list=\toks19
\keywords@list=\toks20

No file imsart-aoas.cnf.
No file imsart-vtex.cnf.
)) (C:\Users\cbaker1\AppData\Local\Programs\MiKTeX\tex/latex/amscls\amsthm.sty
Package: amsthm 2020/05/29 v2.20.6
\thm@style=\toks21
\thm@bodyfont=\toks22
\thm@headfont=\toks23
\thm@notefont=\toks24
\thm@headpunct=\toks25
\thm@preskip=\skip51
\thm@postskip=\skip52
\thm@headsep=\skip53
\dth@everypar=\toks26
) (C:\Users\cbaker1\AppData\Local\Programs\MiKTeX\tex/latex/amsmath\amsmath.sty
Package: amsmath 2022/04/08 v2.17n AMS math features
\@mathmargin=\skip54

For additional information on amsmath, use the `?' option.
(C:\Users\cbaker1\AppData\Local\Programs\MiKTeX\tex/latex/amsmath\amstext.sty
Package: amstext 2021/08/26 v2.01 AMS text

(C:\Users\cbaker1\AppData\Local\Programs\MiKTeX\tex/latex/amsmath\amsgen.sty
File: amsgen.sty 1999/11/30 v2.0 generic functions
\@emptytoks=\toks27
\ex@=\dimen147
))
(C:\Users\cbaker1\AppData\Local\Programs\MiKTeX\tex/latex/amsmath\amsbsy.sty
Package: amsbsy 1999/11/29 v1.2d Bold Symbols
\pmbraise@=\dimen148
)
(C:\Users\cbaker1\AppData\Local\Programs\MiKTeX\tex/latex/amsmath\amsopn.sty
Package: amsopn 2022/04/08 v2.04 operator names
)
\inf@bad=\count269
LaTeX Info: Redefining \frac on input line 234.
\uproot@=\count270
\leftroot@=\count271
LaTeX Info: Redefining \overline on input line 399.
LaTeX Info: Redefining \colon on input line 410.
\classnum@=\count272
\DOTSCASE@=\count273
LaTeX Info: Redefining \ldots on input line 496.
LaTeX Info: Redefining \dots on input line 499.
LaTeX Info: Redefining \cdots on input line 620.
\Mathstrutbox@=\box54
\strutbox@=\box55
LaTeX Info: Redefining \big on input line 722.
LaTeX Info: Redefining \Big on input line 723.
LaTeX Info: Redefining \bigg on input line 724.
LaTeX Info: Redefining \Bigg on input line 725.
\big@size=\dimen149
LaTeX Font Info:    Redeclaring font encoding OML on input line 743.
LaTeX Font Info:    Redeclaring font encoding OMS on input line 744.
\macc@depth=\count274
LaTeX Info: Redefining \bmod on input line 905.
LaTeX Info: Redefining \pmod on input line 910.
LaTeX Info: Redefining \smash on input line 940.
LaTeX Info: Redefining \relbar on input line 970.
LaTeX Info: Redefining \Relbar on input line 971.
\c@MaxMatrixCols=\count275
\dotsspace@=\muskip16
\c@parentequation=\count276
\dspbrk@lvl=\count277
\tag@help=\toks28
\row@=\count278
\column@=\count279
\maxfields@=\count280
\andhelp@=\toks29
\eqnshift@=\dimen150
\alignsep@=\dimen151
\tagshift@=\dimen152
\tagwidth@=\dimen153
\totwidth@=\dimen154
\lineht@=\dimen155
\@envbody=\toks30
\multlinegap=\skip55
\multlinetaggap=\skip56
\mathdisplay@stack=\toks31
LaTeX Info: Redefining \[ on input line 2953.
LaTeX Info: Redefining \] on input line 2954.
)
(C:\Users\cbaker1\AppData\Local\Programs\MiKTeX\tex/latex/amsfonts\amsfonts.sty
Package: amsfonts 2013/01/14 v3.01 Basic AMSFonts support
\symAMSa=\mathgroup4
\symAMSb=\mathgroup5
LaTeX Font Info:    Redeclaring math symbol \hbar on input line 98.
LaTeX Font Info:    Overwriting math alphabet `\mathfrak' in version `bold'
(Font)                  U/euf/m/n --> U/euf/b/n on input line 106.
)
(C:\Users\cbaker1\AppData\Local\Programs\MiKTeX\tex/latex/amsfonts\amssymb.sty
Package: amssymb 2013/01/14 v3.01 AMS font symbols
) (C:\Users\cbaker1\AppData\Local\Programs\MiKTeX\tex/latex/natbib\natbib.sty
Package: natbib 2010/09/13 8.31b (PWD, AO)
\bibhang=\skip57
\bibsep=\skip58
LaTeX Info: Redefining \cite on input line 694.
\c@NAT@ctr=\count281
)
(C:\Users\cbaker1\AppData\Local\Programs\MiKTeX\tex/latex/hyperref\hyperref.sty
Package: hyperref 2023-02-07 v7.00v Hypertext links for LaTeX

(C:\Users\cbaker1\AppData\Local\Programs\MiKTeX\tex/generic/ltxcmds\ltxcmds.sty
Package: ltxcmds 2020-05-10 v1.25 LaTeX kernel commands for general use (HO)
)
(C:\Users\cbaker1\AppData\Local\Programs\MiKTeX\tex/generic/pdftexcmds\pdftexcm
ds.sty
Package: pdftexcmds 2020-06-27 v0.33 Utility functions of pdfTeX for LuaTeX (HO
)

(C:\Users\cbaker1\AppData\Local\Programs\MiKTeX\tex/generic/infwarerr\infwarerr
.sty
Package: infwarerr 2019/12/03 v1.5 Providing info/warning/error messages (HO)
)
Package pdftexcmds Info: \pdf@primitive is available.
Package pdftexcmds Info: \pdf@ifprimitive is available.
Package pdftexcmds Info: \pdfdraftmode found.
)
(C:\Users\cbaker1\AppData\Local\Programs\MiKTeX\tex/latex/kvsetkeys\kvsetkeys.s
ty
Package: kvsetkeys 2022-10-05 v1.19 Key value parser (HO)
)
(C:\Users\cbaker1\AppData\Local\Programs\MiKTeX\tex/generic/kvdefinekeys\kvdefi
nekeys.sty
Package: kvdefinekeys 2019-12-19 v1.6 Define keys (HO)
)
(C:\Users\cbaker1\AppData\Local\Programs\MiKTeX\tex/generic/pdfescape\pdfescape
.sty
Package: pdfescape 2019/12/09 v1.15 Implements pdfTeX's escape features (HO)
)
(C:\Users\cbaker1\AppData\Local\Programs\MiKTeX\tex/latex/hycolor\hycolor.sty
Package: hycolor 2020-01-27 v1.10 Color options for hyperref/bookmark (HO)
)
(C:\Users\cbaker1\AppData\Local\Programs\MiKTeX\tex/latex/letltxmacro\letltxmac
ro.sty
Package: letltxmacro 2019/12/03 v1.6 Let assignment for LaTeX macros (HO)
)
(C:\Users\cbaker1\AppData\Local\Programs\MiKTeX\tex/latex/auxhook\auxhook.sty
Package: auxhook 2019-12-17 v1.6 Hooks for auxiliary files (HO)
)
(C:\Users\cbaker1\AppData\Local\Programs\MiKTeX\tex/latex/hyperref\nameref.sty
Package: nameref 2022-05-17 v2.50 Cross-referencing by name of section

(C:\Users\cbaker1\AppData\Local\Programs\MiKTeX\tex/latex/refcount\refcount.sty
Package: refcount 2019/12/15 v3.6 Data extraction from label references (HO)
)
(C:\Users\cbaker1\AppData\Local\Programs\MiKTeX\tex/generic/gettitlestring\gett
itlestring.sty
Package: gettitlestring 2019/12/15 v1.6 Cleanup title references (HO)

(C:\Users\cbaker1\AppData\Local\Programs\MiKTeX\tex/latex/kvoptions\kvoptions.s
ty
Package: kvoptions 2022-06-15 v3.15 Key value format for package options (HO)
))
\c@section@level=\count282
)
\@linkdim=\dimen156
\Hy@linkcounter=\count283
\Hy@pagecounter=\count284

(C:\Users\cbaker1\AppData\Local\Programs\MiKTeX\tex/latex/hyperref\pd1enc.def
File: pd1enc.def 2023-02-07 v7.00v Hyperref: PDFDocEncoding definition (HO)
Now handling font encoding PD1 ...
... no UTF-8 mapping file for font encoding PD1
)
(C:\Users\cbaker1\AppData\Local\Programs\MiKTeX\tex/generic/intcalc\intcalc.sty
Package: intcalc 2019/12/15 v1.3 Expandable calculations with integers (HO)
)
(C:\Users\cbaker1\AppData\Local\Programs\MiKTeX\tex/generic/etexcmds\etexcmds.s
ty
Package: etexcmds 2019/12/15 v1.7 Avoid name clashes with e-TeX commands (HO)
)
\Hy@SavedSpaceFactor=\count285

(C:\Users\cbaker1\AppData\Local\Programs\MiKTeX\tex/latex/hyperref\puenc.def
File: puenc.def 2023-02-07 v7.00v Hyperref: PDF Unicode definition (HO)
Now handling font encoding PU ...
... no UTF-8 mapping file for font encoding PU
)
Package hyperref Info: Option `colorlinks' set `true' on input line 4060.
Package hyperref Info: Option `linktocpage' set `true' on input line 4060.
Package hyperref Info: Option `colorlinks' set `true' on input line 4060.
Package hyperref Info: Hyper figures OFF on input line 4177.
Package hyperref Info: Link nesting OFF on input line 4182.
Package hyperref Info: Hyper index ON on input line 4185.
Package hyperref Info: Plain pages OFF on input line 4192.
Package hyperref Info: Backreferencing OFF on input line 4197.
Package hyperref Info: Implicit mode ON; LaTeX internals redefined.
Package hyperref Info: Bookmarks ON on input line 4425.
\c@Hy@tempcnt=\count286

(C:\Users\cbaker1\AppData\Local\Programs\MiKTeX\tex/latex/url\url.sty
\Urlmuskip=\muskip17
Package: url 2013/09/16  ver 3.4  Verb mode for urls, etc.
)
LaTeX Info: Redefining \url on input line 4763.
\XeTeXLinkMargin=\dimen157

(C:\Users\cbaker1\AppData\Local\Programs\MiKTeX\tex/generic/bitset\bitset.sty
Package: bitset 2019/12/09 v1.3 Handle bit-vector datatype (HO)

(C:\Users\cbaker1\AppData\Local\Programs\MiKTeX\tex/generic/bigintcalc\bigintca
lc.sty
Package: bigintcalc 2019/12/15 v1.5 Expandable calculations on big integers (HO
)
))
\Fld@menulength=\count287
\Field@Width=\dimen158
\Fld@charsize=\dimen159
Package hyperref Info: Hyper figures OFF on input line 6042.
Package hyperref Info: Link nesting OFF on input line 6047.
Package hyperref Info: Hyper index ON on input line 6050.
Package hyperref Info: backreferencing OFF on input line 6057.
Package hyperref Info: Link coloring ON on input line 6060.
Package hyperref Info: Link coloring with OCG OFF on input line 6067.
Package hyperref Info: PDF/A mode OFF on input line 6072.

(C:\Users\cbaker1\AppData\Local\Programs\MiKTeX\tex/latex/base\atbegshi-ltx.sty
Package: atbegshi-ltx 2021/01/10 v1.0c Emulation of the original atbegshi
package with kernel methods
)
\Hy@abspage=\count288
\c@Item=\count289
\c@Hfootnote=\count290
)
Package hyperref Info: Driver (autodetected): hpdftex.

(C:\Users\cbaker1\AppData\Local\Programs\MiKTeX\tex/latex/hyperref\hpdftex.def
File: hpdftex.def 2023-02-07 v7.00v Hyperref driver for pdfTeX

(C:\Users\cbaker1\AppData\Local\Programs\MiKTeX\tex/latex/base\atveryend-ltx.st
y
Package: atveryend-ltx 2020/08/19 v1.0a Emulation of the original atveryend pac
kage
with kernel methods
)
\Fld@listcount=\count291
\c@bookmark@seq@number=\count292

(C:\Users\cbaker1\AppData\Local\Programs\MiKTeX\tex/latex/rerunfilecheck\rerunf
ilecheck.sty
Package: rerunfilecheck 2022-07-10 v1.10 Rerun checks for auxiliary files (HO)

(C:\Users\cbaker1\AppData\Local\Programs\MiKTeX\tex/generic/uniquecounter\uniqu
ecounter.sty
Package: uniquecounter 2019/12/15 v1.4 Provide unlimited unique counter (HO)
)
Package uniquecounter Info: New unique counter `rerunfilecheck' on input line 2
85.
)
\Hy@SectionHShift=\skip59
)
(C:\Users\cbaker1\AppData\Local\Programs\MiKTeX\tex/latex/graphics\graphicx.sty
Package: graphicx 2021/09/16 v1.2d Enhanced LaTeX Graphics (DPC,SPQR)

(C:\Users\cbaker1\AppData\Local\Programs\MiKTeX\tex/latex/graphics\graphics.sty
Package: graphics 2022/03/10 v1.4e Standard LaTeX Graphics (DPC,SPQR)
(C:\Users\cbaker1\AppData\Local\Programs\MiKTeX\tex/latex/graphics\trig.sty
Package: trig 2021/08/11 v1.11 sin cos tan (DPC)
)
(C:\Users\cbaker1\AppData\Local\Programs\MiKTeX\tex/latex/graphics-cfg\graphics
.cfg
File: graphics.cfg 2016/06/04 v1.11 sample graphics configuration
)
Package graphics Info: Driver file: pdftex.def on input line 107.

(C:\Users\cbaker1\AppData\Local\Programs\MiKTeX\tex/latex/graphics-def\pdftex.d
ef
File: pdftex.def 2022/09/22 v1.2b Graphics/color driver for pdftex
))
\Gin@req@height=\dimen160
\Gin@req@width=\dimen161
)
(C:\Users\cbaker1\AppData\Local\Programs\MiKTeX\tex/latex/caption\subcaption.st
y
Package: subcaption 2023/07/28 v1.6b Sub-captions (AR)
 (C:\Users\cbaker1\AppData\Local\Programs\MiKTeX\tex/latex/caption\caption.sty
Package: caption 2023/07/31 v3.6n Customizing captions (AR)
(C:\Users\cbaker1\AppData\Local\Programs\MiKTeX\tex/latex/caption\caption3.sty
Package: caption3 2023/07/31 v2.4d caption3 kernel (AR)
\caption@tempdima=\dimen162
\captionmargin=\dimen163
\caption@leftmargin=\dimen164
\caption@rightmargin=\dimen165
\caption@width=\dimen166
\caption@indent=\dimen167
\caption@parindent=\dimen168
\caption@hangindent=\dimen169
Package caption Info: Unknown document class (or package),
(caption)             standard defaults will be used.
Package caption Info: \@makecaption = \long macro:#1#2->\vskip \abovecaptionski
p \figurecaption@size \sbox \@tempboxa {{\figurename@size #1}\figurename@skip #
2}\ifdim \wd \@tempboxa >\hsize {\figurename@size #1}\figurename@skip #2\par \e
lse \global \@minipagefalse \hb@xt@ \hsize {\hfil \box \@tempboxa \hfil }\fi \v
skip \belowcaptionskip  on input line 1170.
)

Package caption Warning: Unknown document class (or package),
(caption)                standard defaults will be used.
See the caption package documentation for explanation.

\c@caption@flags=\count293
\c@continuedfloat=\count294
Package caption Info: hyperref package is loaded.
)
Package caption Info: New subtype `subfigure' on input line 238.
\c@subfigure=\count295
Package caption Info: New subtype `subtable' on input line 238.
\c@subtable=\count296
)
(C:\Users\cbaker1\AppData\Local\Programs\MiKTeX\tex/latex/mathtools\mathtools.s
ty
Package: mathtools 2022/06/29 v1.29 mathematical typesetting tools
 (C:\Users\cbaker1\AppData\Local\Programs\MiKTeX\tex/latex/tools\calc.sty
Package: calc 2017/05/25 v4.3 Infix arithmetic (KKT,FJ)
\calc@Acount=\count297
\calc@Bcount=\count298
\calc@Adimen=\dimen170
\calc@Bdimen=\dimen171
\calc@Askip=\skip60
\calc@Bskip=\skip61
LaTeX Info: Redefining \setlength on input line 80.
LaTeX Info: Redefining \addtolength on input line 81.
\calc@Ccount=\count299
\calc@Cskip=\skip62
)
(C:\Users\cbaker1\AppData\Local\Programs\MiKTeX\tex/latex/mathtools\mhsetup.sty
Package: mhsetup 2021/03/18 v1.4 programming setup (MH)
)
\g_MT_multlinerow_int=\count300
\l_MT_multwidth_dim=\dimen172
\origjot=\skip63
\l_MT_shortvdotswithinadjustabove_dim=\dimen173
\l_MT_shortvdotswithinadjustbelow_dim=\dimen174
\l_MT_above_intertext_sep=\dimen175
\l_MT_below_intertext_sep=\dimen176
\l_MT_above_shortintertext_sep=\dimen177
\l_MT_below_shortintertext_sep=\dimen178
\xmathstrut@box=\box56
\xmathstrut@dim=\dimen179
) (C:\Users\cbaker1\AppData\Local\Programs\MiKTeX\tex/latex/xcolor\xcolor.sty
Package: xcolor 2022/06/12 v2.14 LaTeX color extensions (UK)

(C:\Users\cbaker1\AppData\Local\Programs\MiKTeX\tex/latex/graphics-cfg\color.cf
g
File: color.cfg 2016/01/02 v1.6 sample color configuration
)
Package xcolor Info: Driver file: pdftex.def on input line 227.

(C:\Users\cbaker1\AppData\Local\Programs\MiKTeX\tex/latex/graphics\mathcolor.lt
x)
Package xcolor Info: Model `cmy' substituted by `cmy0' on input line 1353.
Package xcolor Info: Model `hsb' substituted by `rgb' on input line 1357.
Package xcolor Info: Model `RGB' extended on input line 1369.
Package xcolor Info: Model `HTML' substituted by `rgb' on input line 1371.
Package xcolor Info: Model `Hsb' substituted by `hsb' on input line 1372.
Package xcolor Info: Model `tHsb' substituted by `hsb' on input line 1373.
Package xcolor Info: Model `HSB' substituted by `hsb' on input line 1374.
Package xcolor Info: Model `Gray' substituted by `gray' on input line 1375.
Package xcolor Info: Model `wave' substituted by `hsb' on input line 1376.
)
(C:\Users\cbaker1\AppData\Local\Programs\MiKTeX\tex/latex/l3backend\l3backend-p
dftex.def
File: l3backend-pdftex.def 2023-03-30 L3 backend support: PDF output (pdfTeX)
\l__color_backend_stack_int=\count301
\l__pdf_internal_box=\box57
) (aoas-template.aux)
\openout1 = `aoas-template.aux'.

LaTeX Font Info:    Checking defaults for OML/cmm/m/it on input line 70.
LaTeX Font Info:    ... okay on input line 70.
LaTeX Font Info:    Checking defaults for OMS/cmsy/m/n on input line 70.
LaTeX Font Info:    ... okay on input line 70.
LaTeX Font Info:    Checking defaults for OT1/cmr/m/n on input line 70.
LaTeX Font Info:    ... okay on input line 70.
LaTeX Font Info:    Checking defaults for T1/cmr/m/n on input line 70.
LaTeX Font Info:    ... okay on input line 70.
LaTeX Font Info:    Checking defaults for TS1/cmr/m/n on input line 70.
LaTeX Font Info:    ... okay on input line 70.
LaTeX Font Info:    Checking defaults for OMX/cmex/m/n on input line 70.
LaTeX Font Info:    ... okay on input line 70.
LaTeX Font Info:    Checking defaults for U/cmr/m/n on input line 70.
LaTeX Font Info:    ... okay on input line 70.
LaTeX Font Info:    Checking defaults for PD1/pdf/m/n on input line 70.
LaTeX Font Info:    ... okay on input line 70.
LaTeX Font Info:    Checking defaults for PU/pdf/m/n on input line 70.
LaTeX Font Info:    ... okay on input line 70.
Package hyperref Info: Link coloring ON on input line 70.
 (aoas-template.out) (aoas-template.out)
\@outlinefile=\write3
\openout3 = `aoas-template.out'.


(C:\Users\cbaker1\AppData\Local\Programs\MiKTeX\tex/context/base/mkii\supp-pdf.
mkii
[Loading MPS to PDF converter (version 2006.09.02).]
\scratchcounter=\count302
\scratchdimen=\dimen180
\scratchbox=\box58
\nofMPsegments=\count303
\nofMParguments=\count304
\everyMPshowfont=\toks32
\MPscratchCnt=\count305
\MPscratchDim=\dimen181
\MPnumerator=\count306
\makeMPintoPDFobject=\count307
\everyMPtoPDFconversion=\toks33
)
(C:\Users\cbaker1\AppData\Local\Programs\MiKTeX\tex/latex/epstopdf-pkg\epstopdf
-base.sty
Package: epstopdf-base 2020-01-24 v2.11 Base part for package epstopdf
Package epstopdf-base Info: Redefining graphics rule for `.eps' on input line 4
85.

(C:\Users\cbaker1\AppData\Local\Programs\MiKTeX\tex/latex/00miktex\epstopdf-sys
.cfg
File: epstopdf-sys.cfg 2021/03/18 v2.0 Configuration of epstopdf for MiKTeX
))
Package caption Info: Begin \AtBeginDocument code.
Package caption Info: End \AtBeginDocument code.
LaTeX Font Info:    Calculating math sizes for size <11> on input line 78.


LaTeX Font Warning: Font shape `OT1/cmr/m/n' in size <5.5> not available
(Font)              size <5> substituted on input line 78.


LaTeX Font Warning: Font shape `OML/cmm/m/it' in size <5.5> not available
(Font)              size <5> substituted on input line 78.


LaTeX Font Warning: Font shape `OMS/cmsy/m/n' in size <5.5> not available
(Font)              size <5> substituted on input line 78.

LaTeX Font Info:    Trying to load font information for U+msa on input line 78.

(C:\Users\cbaker1\AppData\Local\Programs\MiKTeX\tex/latex/amsfonts\umsa.fd
File: umsa.fd 2013/01/14 v3.01 AMS symbols A
)
LaTeX Font Info:    Trying to load font information for U+msb on input line 78.


(C:\Users\cbaker1\AppData\Local\Programs\MiKTeX\tex/latex/amsfonts\umsb.fd
File: umsb.fd 2013/01/14 v3.01 AMS symbols B
)

LaTeX Font Warning: Font shape `T1/ptm/m/scit' undefined
(Font)              using `T1/ptm/m/it' instead on input line 103.


LaTeX Font Warning: Font shape `T1/ptm/m/scit' undefined
(Font)              using `T1/ptm/m/it' instead on input line 104.


LaTeX Font Warning: Font shape `T1/ptm/m/scit' undefined
(Font)              using `T1/ptm/m/it' instead on input line 105.

[1{C:/Users/cbaker1/AppData/Local/MiKTeX/fonts/map/pdftex/pdftex.map}{C:/Users/
cbaker1/AppData/Local/Programs/MiKTeX/fonts/enc/dvips/base/8r.enc}

] [2]
[3] [4]
<../..//../asymptotic_approximation/SE_vs_pr_intercept.pdf, id=203, 284.06125pt
 x 176.66pt>
File: ../..//../asymptotic_approximation/SE_vs_pr_intercept.pdf Graphic file (t
ype pdf)
<use ../..//../asymptotic_approximation/SE_vs_pr_intercept.pdf>
Package pdftex.def Info: ../..//../asymptotic_approximation/SE_vs_pr_intercept.
pdf  used on input line 300.
(pdftex.def)             Requested size: 198.94223pt x 123.72853pt.
<../..//../asymptotic_approximation/SE_vs_num_lines.pdf, id=204, 284.06125pt x 
183.68625pt>
File: ../..//../asymptotic_approximation/SE_vs_num_lines.pdf Graphic file (type
 pdf)
<use ../..//../asymptotic_approximation/SE_vs_num_lines.pdf>
Package pdftex.def Info: ../..//../asymptotic_approximation/SE_vs_num_lines.pdf
  used on input line 304.
(pdftex.def)             Requested size: 198.94223pt x 128.64955pt.
 [5 <../..//../asymptotic_approximation/SE_vs_pr_intercept.pdf> <../..//../asym
ptotic_approximation/SE_vs_num_lines.pdf

pdfTeX warning: pdflatex (file ../..//../asymptotic_approximation/SE_vs_num_lin
es.pdf): PDF inclusion: multiple pdfs with page group included in a single page

>]
<../..//../asymptotic_approximation/SE_twotype_p1_01_p2_005.pdf, id=264, 284.06
125pt x 181.67876pt>
File: ../..//../asymptotic_approximation/SE_twotype_p1_01_p2_005.pdf Graphic fi
le (type pdf)
<use ../..//../asymptotic_approximation/SE_twotype_p1_01_p2_005.pdf>
Package pdftex.def Info: ../..//../asymptotic_approximation/SE_twotype_p1_01_p2
_005.pdf  used on input line 341.
(pdftex.def)             Requested size: 198.94223pt x 127.24355pt.
<../..//../asymptotic_approximation/SE_twotype_p1_01_p2_03.pdf, id=265, 284.061
25pt x 181.67876pt>
File: ../..//../asymptotic_approximation/SE_twotype_p1_01_p2_03.pdf Graphic fil
e (type pdf)
<use ../..//../asymptotic_approximation/SE_twotype_p1_01_p2_03.pdf>
Package pdftex.def Info: ../..//../asymptotic_approximation/SE_twotype_p1_01_p2
_03.pdf  used on input line 345.
(pdftex.def)             Requested size: 198.94223pt x 127.24355pt.
<../..//../asymptotic_approximation/SE_twotype_p1_01_p2_075.pdf, id=266, 284.06
125pt x 184.69pt>
File: ../..//../asymptotic_approximation/SE_twotype_p1_01_p2_075.pdf Graphic fi
le (type pdf)
<use ../..//../asymptotic_approximation/SE_twotype_p1_01_p2_075.pdf>
Package pdftex.def Info: ../..//../asymptotic_approximation/SE_twotype_p1_01_p2
_075.pdf  used on input line 349.
(pdftex.def)             Requested size: 198.94223pt x 129.35255pt.
<../..//../asymptotic_approximation/SE_twotype_p1_01_p2_09.pdf, id=267, 284.061
25pt x 184.69pt>
File: ../..//../asymptotic_approximation/SE_twotype_p1_01_p2_09.pdf Graphic fil
e (type pdf)
<use ../..//../asymptotic_approximation/SE_twotype_p1_01_p2_09.pdf>
Package pdftex.def Info: ../..//../asymptotic_approximation/SE_twotype_p1_01_p2
_09.pdf  used on input line 352.
(pdftex.def)             Requested size: 198.94223pt x 129.35255pt.
 [6 <../..//../asymptotic_approximation/SE_twotype_p1_01_p2_005.pdf> <../..//..
/asymptotic_approximation/SE_twotype_p1_01_p2_03.pdf

pdfTeX warning: pdflatex (file ../..//../asymptotic_approximation/SE_twotype_p1
_01_p2_03.pdf): PDF inclusion: multiple pdfs with page group included in a sing
le page
> <../..//../asymptotic_approximation/SE_twotype_p1_01_p2_075.pdf

pdfTeX warning: pdflatex (file ../..//../asymptotic_approximation/SE_twotype_p1
_01_p2_075.pdf): PDF inclusion: multiple pdfs with page group included in a sin
gle page
> <../..//../asymptotic_approximation/SE_twotype_p1_01_p2_09.pdf

pdfTeX warning: pdflatex (file ../..//../asymptotic_approximation/SE_twotype_p1
_01_p2_09.pdf): PDF inclusion: multiple pdfs with page group included in a sing
le page
>]

LaTeX Font Warning: Font shape `T1/ptm/m/scit' undefined
(Font)              using `T1/ptm/m/sc' instead on input line 394.

[7]
<../..//../visualisations/new_figures/simulation_estimates_random_effect_quanti
les.pdf, id=340, 578.16pt x 578.16pt>
File: ../..//../visualisations/new_figures/simulation_estimates_random_effect_q
uantiles.pdf Graphic file (type pdf)
<use ../..//../visualisations/new_figures/simulation_estimates_random_effect_qu
antiles.pdf>
Package pdftex.def Info: ../..//../visualisations/new_figures/simulation_estima
tes_random_effect_quantiles.pdf  used on input line 477.
(pdftex.def)             Requested size: 406.0pt x 405.99725pt.


LaTeX Warning: `!h' float specifier changed to `!ht'.


LaTeX Font Warning: Font shape `T1/ptm/m/scit' undefined
(Font)              using `T1/ptm/m/sc' instead on input line 502.

<../..//../visualisations/figures/p_int_est_all_vs_line_data.pdf, id=343, 578.1
6pt x 361.35pt>
File: ../..//../visualisations/figures/p_int_est_all_vs_line_data.pdf Graphic f
ile (type pdf)
<use ../..//../visualisations/figures/p_int_est_all_vs_line_data.pdf>
Package pdftex.def Info: ../..//../visualisations/figures/p_int_est_all_vs_line
_data.pdf  used on input line 520.
(pdftex.def)             Requested size: 406.0pt x 253.74828pt.

LaTeX Warning: `!h' float specifier changed to `!ht'.

[8] [9 <../..//../visualisations/new_figures/simulation_estimates_random_effect
_quantiles.pdf>]

LaTeX Font Warning: Font shape `T1/ptm/m/scit' undefined
(Font)              using `T1/ptm/m/sc' instead on input line 529.

[10 <../..//../visualisations/figures/p_int_est_all_vs_line_data.pdf>] [11]
(aoas-template.bbl
Underfull \hbox (badness 7832) in paragraph at lines 8--21
[]\T1/ptm/m/sc/9 Baker, C. M. \T1/ptm/m/n/9 and \T1/ptm/m/sc/9 Bode, M. \T1/ptm
/m/n/9 (2020). Re-cent ad-vances of quan-ti-ta-tive mod-el-ing to sup-port
 []


Underfull \hbox (badness 6380) in paragraph at lines 8--21
\T1/ptm/m/n/9 in-va-sive species erad-i-ca-tion on is-lands. \T1/ptm/m/it/9 Con
-ser-va-tion Sci-ence and Prac-tice \T1/ptm/b/n/9 n/a \T1/ptm/m/n/9 e246. _epri
nt:
 []


Underfull \hbox (badness 4886) in paragraph at lines 24--42
[]\T1/ptm/m/sc/9 Binny, R. N.\T1/ptm/m/n/9 , \T1/ptm/m/sc/9 Innes, J.\T1/ptm/m/
n/9 , \T1/ptm/m/sc/9 Fitzger-ald, N.\T1/ptm/m/n/9 , \T1/ptm/m/sc/9 Pech, R.\T1/
ptm/m/n/9 , \T1/ptm/m/sc/9 James, A.\T1/ptm/m/n/9 , \T1/ptm/m/sc/9 Price, R.\T1
/ptm/m/n/9 , \T1/ptm/m/sc/9 Gillies, C.
 []


Underfull \hbox (badness 10000) in paragraph at lines 24--42
\T1/ptm/m/n/9 and \T1/ptm/m/sc/9 By-rom, A. E. \T1/ptm/m/n/9 (2021). Long-term 
bio-di-ver-sity tra-jec-to-ries for pest-managed eco-
 []


Underfull \hbox (badness 10000) in paragraph at lines 24--42
\T1/ptm/m/n/9 log-i-cal restora-tions: erad-i-ca-tion vs. sup-pres-sion. \T1/pt
m/m/it/9 Eco-log-i-cal Mono-graphs \T1/ptm/b/n/9 n/a\T1/ptm/m/n/9 . _eprint:
 []


Underfull \hbox (badness 10000) in paragraph at lines 88--99
[]\T1/ptm/m/sc/9 Chatterjee, A. \T1/ptm/m/n/9 and \T1/ptm/m/sc/9 Bandy-opad-hya
y, T. \T1/ptm/m/n/9 (2020). Re-gres-sion mod-els for group test-ing:
 []


Underfull \hbox (badness 10000) in paragraph at lines 88--99
\T1/ptm/m/n/9 Iden-ti-fi-a-bil-ity and asymp-totics. \T1/ptm/m/it/9 Jour-nal of
 Sta-tis-ti-cal Plan-ning and In-fer-ence \T1/ptm/b/n/9 204 \T1/ptm/m/n/9 141--
152.
 []


Underfull \hbox (badness 1616) in paragraph at lines 151--162
[]\T1/ptm/m/sc/9 Hepworth, G. \T1/ptm/m/n/9 and \T1/ptm/m/sc/9 Big-ger-staff, B
. J. \T1/ptm/m/n/9 (2021). Bias Cor-rec-tion in Es-ti-mat-ing Pro-por-tions by 
Im-
 []


Underfull \hbox (badness 1400) in paragraph at lines 151--162
\T1/ptm/m/n/9 per-fect Pooled Test-ing. \T1/ptm/m/it/9 Jour-nal of Agri-cul-tur
al, Bi-o-log-i-cal and En-vi-ron-men-tal Statis-tics \T1/ptm/b/n/9 26 \T1/ptm/m
/n/9 90--104.
 []


Underfull \hbox (badness 10000) in paragraph at lines 166--179
[]\T1/ptm/m/sc/9 Hepworth, G. \T1/ptm/m/n/9 and \T1/ptm/m/sc/9 Wat-son, R. \T1/
ptm/m/n/9 (2009). De-bi-ased es-ti-ma-tion of pro-por-tions in group
 []


Underfull \hbox (badness 10000) in paragraph at lines 166--179
\T1/ptm/m/n/9 test-ing. \T1/ptm/m/it/9 Jour-nal of the Royal Sta-tis-ti-cal So-
ci-ety: Se-ries C (Ap-plied Statis-tics) \T1/ptm/b/n/9 58 \T1/ptm/m/n/9 105--
 []


Underfull \hbox (badness 10000) in paragraph at lines 166--179
\T1/ptm/m/n/9 121. _eprint: https://rss.onlinelibrary.wiley.com/doi/pdf/10.1111
/j.1467-9876.2008.00639.x.
 []


Underfull \hbox (badness 2150) in paragraph at lines 182--240
\T1/ptm/m/sc/9 Camp-bell, K.\T1/ptm/m/n/9 , \T1/ptm/m/sc/9 Springer, K.\T1/ptm/
m/n/9 , \T1/ptm/m/sc/9 Swin-ner-ton, K.\T1/ptm/m/n/9 , \T1/ptm/m/sc/9 Gibbons-D
echerong, L.\T1/ptm/m/n/9 , \T1/ptm/m/sc/9 Lan-grand, O.\T1/ptm/m/n/9 ,
 []

[12]) [13] (aoas-template.aux)

LaTeX Font Warning: Size substitutions with differences
(Font)              up to 0.5pt have occurred.

Package rerunfilecheck Info: File `aoas-template.out' has not changed.
(rerunfilecheck)             Checksum: B82DFAFA8EDBFF442E02E2632A7AD814;1964.
 ) 
Here is how much of TeX's memory you used:
 14255 strings out of 476331
 231681 string characters out of 5786821
 1870660 words of memory out of 5000000
 34385 multiletter control sequences out of 15000+600000
 575222 words of font info for 101 fonts, out of 8000000 for 9000
 1141 hyphenation exceptions out of 8191
 75i,16n,77p,1530b,612s stack positions out of 10000i,1000n,20000p,200000b,200000s
<C:/Users/cbaker1/AppData/Local/Programs/MiKTeX/fonts/type1/public/amsfonts/c
m/cmex10.pfb><C:/Users/cbaker1/AppData/Local/Programs/MiKTeX/fonts/type1/public
/amsfonts/cm/cmmi10.pfb><C:/Users/cbaker1/AppData/Local/Programs/MiKTeX/fonts/t
ype1/public/amsfonts/cm/cmmi8.pfb><C:/Users/cbaker1/AppData/Local/Programs/MiKT
eX/fonts/type1/public/amsfonts/cm/cmr10.pfb><C:/Users/cbaker1/AppData/Local/Pro
grams/MiKTeX/fonts/type1/public/amsfonts/cm/cmr5.pfb><C:/Users/cbaker1/AppData/
Local/Programs/MiKTeX/fonts/type1/public/amsfonts/cm/cmr8.pfb><C:/Users/cbaker1
/AppData/Local/Programs/MiKTeX/fonts/type1/public/amsfonts/cm/cmsy10.pfb><C:/Us
ers/cbaker1/AppData/Local/Programs/MiKTeX/fonts/type1/public/amsfonts/cm/cmsy8.
pfb><C:/Users/cbaker1/AppData/Local/Programs/MiKTeX/fonts/type1/public/amsfonts
/symbols/msbm10.pfb><C:/Users/cbaker1/AppData/Local/Programs/MiKTeX/fonts/type1
/urw/times/utmb8a.pfb><C:/Users/cbaker1/AppData/Local/Programs/MiKTeX/fonts/typ
e1/urw/times/utmr8a.pfb><C:/Users/cbaker1/AppData/Local/Programs/MiKTeX/fonts/t
ype1/urw/times/utmri8a.pfb>
Output written on aoas-template.pdf (13 pages, 424997 bytes).
PDF statistics:
 511 PDF objects out of 1000 (max. 8388607)
 94 named destinations out of 1000 (max. 500000)
 169 words of extra memory for PDF output out of 10000 (max. 10000000)

